<?xml version="1.0" encoding="UTF-8"?>
<testsuite xmlns:xsi="http://www.w3.org/2001/XMLSchema-instance" xsi:noNamespaceSchemaLocation="https://maven.apache.org/surefire/maven-surefire-plugin/xsd/surefire-test-report.xsd" name="scales.HelloAppEngineTest" time="0.339" tests="2" errors="0" skipped="0" failures="0">
  <properties>
[...]
</properties>
  <testcase name="helloInfoTest" classname="scales.HelloAppEngineTest" time="0.212"/>
  <testcase name="doGetWritesResponse" classname="scales.HelloAppEngineTest" time="0.004"/>
</testsuite>